<?xml version="1.0" encoding="UTF-8"?>
<!-- Generated by org.testng.reporters.JUnitReportReporter -->
<testsuite skipped="0" hostname="ip-172-31-1-207" name="test1.ExcelRead" tests="1" failures="0" timestamp="2021-03-01T11:55:56 UTC" time="6.356" errors="0">
  <testcase name="login" time="6.356" classname="test1.ExcelRead"/>
  <system-out/>
</testsuite> <!-- test1.ExcelRead -->
