<?xml version="1.0" encoding="UTF-8"?>
<!-- Generated by org.testng.reporters.JUnitReportReporter -->
<testsuite skipped="0" hostname="ip-172-31-1-207" name="test1.CrossBrowser" tests="2" failures="0" timestamp="2021-02-23T07:46:40 UTC" time="4.324" errors="0">
  <testcase name="LaunchChrome" time="1.674" classname="test1.CrossBrowser"/>
  <system-out/>
  <testcase name="testCase" time="2.650" classname="test1.CrossBrowser"/>
  <system-out/>
</testsuite> <!-- test1.CrossBrowser -->
